<?xml version="1.0" encoding="UTF-8"?>
<testng-results ignored="0" total="1" passed="1" failed="0" skipped="0">
  <reporter-output>
  </reporter-output>
  <suite started-at="2023-08-30T19:41:00 IST" name="Default suite" finished-at="2023-08-30T19:41:46 IST" duration-ms="46599">
    <groups>
    </groups>
    <test started-at="2023-08-30T19:41:00 IST" name="Default test" finished-at="2023-08-30T19:41:46 IST" duration-ms="46599">
      <class name="test_Cases.Sort_Items_Test">
        <test-method signature="sortList()[pri:0, instance:test_Cases.Sort_Items_Test@384ad17b]" started-at="2023-08-30T19:41:00 IST" name="sortList" finished-at="2023-08-30T19:41:46 IST" duration-ms="46497" status="PASS">
          <reporter-output>
          </reporter-output>
        </test-method> <!-- sortList -->
      </class> <!-- test_Cases.Sort_Items_Test -->
    </test> <!-- Default test -->
  </suite> <!-- Default suite -->
</testng-results>
